[debug] [2026-02-23T21:19:22.195Z] Object "/functions" in "firebase.json" has unknown property: {"additionalProperty":"gen"}
[debug] [2026-02-23T21:19:22.197Z] Object "/functions" in "firebase.json" is missing required property: {"missingProperty":"remoteSource"}
[debug] [2026-02-23T21:19:22.197Z] Field "/functions" in "firebase.json" is possibly invalid: must be array
[debug] [2026-02-23T21:19:22.198Z] Field "/functions" in "firebase.json" is possibly invalid: must match a schema in anyOf
[error] Failed to fetch Firebase Project from Studio Workspace because WORKSPACE_SLUG environment variable is empty
[debug] [2026-02-23T21:19:22.200Z] Object "/functions" in "firebase.json" has unknown property: {"additionalProperty":"gen"}
[debug] [2026-02-23T21:19:22.200Z] Object "/functions" in "firebase.json" is missing required property: {"missingProperty":"remoteSource"}
[debug] [2026-02-23T21:19:22.201Z] Field "/functions" in "firebase.json" is possibly invalid: must be array
[debug] [2026-02-23T21:19:22.201Z] Field "/functions" in "firebase.json" is possibly invalid: must match a schema in anyOf
[error] Failed to fetch Firebase Project from Studio Workspace because WORKSPACE_SLUG environment variable is empty
[debug] [2026-02-23T21:19:22.202Z] > command requires scopes: ["email","openid","https://www.googleapis.com/auth/cloudplatformprojects.readonly","https://www.googleapis.com/auth/firebase","https://www.googleapis.com/auth/cloud-platform","https://www.googleapis.com/auth/userinfo.email"]
[debug] [2026-02-23T21:19:22.203Z] > authorizing via signed-in user (envirosagro.com@gmail.com)
[debug] [2026-02-23T21:19:22.204Z] Checked if tokens are valid: true, expires at: 1771883426888
[debug] [2026-02-23T21:19:22.204Z] Checked if tokens are valid: true, expires at: 1771883426888
[debug] [2026-02-23T21:19:22.205Z] >>> [apiv2][query] GET https://cloudbilling.googleapis.com/v1/projects/envirosagro2git-41536716-7747d/billingInfo [none]
[debug] [2026-02-23T21:19:22.391Z] <<< [apiv2][status] GET https://cloudbilling.googleapis.com/v1/projects/envirosagro2git-41536716-7747d/billingInfo 200
[debug] [2026-02-23T21:19:22.391Z] <<< [apiv2][body] GET https://cloudbilling.googleapis.com/v1/projects/envirosagro2git-41536716-7747d/billingInfo {"name":"projects/envirosagro2git-41536716-7747d/billingInfo","projectId":"envirosagro2git-41536716-7747d","billingAccountName":"billingAccounts/0199C7-684582-086A82","billingEnabled":true}
[debug] [2026-02-23T21:19:22.392Z] Object "/functions" in "firebase.json" has unknown property: {"additionalProperty":"gen"}
[debug] [2026-02-23T21:19:22.392Z] Object "/functions" in "firebase.json" is missing required property: {"missingProperty":"remoteSource"}
[debug] [2026-02-23T21:19:22.392Z] Field "/functions" in "firebase.json" is possibly invalid: must be array
[debug] [2026-02-23T21:19:22.392Z] Field "/functions" in "firebase.json" is possibly invalid: must match a schema in anyOf
[debug] [2026-02-23T21:19:22.438Z] Object "/functions" in "firebase.json" has unknown property: {"additionalProperty":"gen"}
[debug] [2026-02-23T21:19:22.438Z] Object "/functions" in "firebase.json" is missing required property: {"missingProperty":"remoteSource"}
[debug] [2026-02-23T21:19:22.439Z] Field "/functions" in "firebase.json" is possibly invalid: must be array
[debug] [2026-02-23T21:19:22.439Z] Field "/functions" in "firebase.json" is possibly invalid: must match a schema in anyOf
[error] Failed to fetch Firebase Project from Studio Workspace because WORKSPACE_SLUG environment variable is empty
[debug] [2026-02-23T21:19:22.445Z] Object "/functions" in "firebase.json" has unknown property: {"additionalProperty":"gen"}
[debug] [2026-02-23T21:19:22.445Z] Object "/functions" in "firebase.json" is missing required property: {"missingProperty":"remoteSource"}
[debug] [2026-02-23T21:19:22.445Z] Field "/functions" in "firebase.json" is possibly invalid: must be array
[debug] [2026-02-23T21:19:22.445Z] Field "/functions" in "firebase.json" is possibly invalid: must match a schema in anyOf
[error] Failed to fetch Firebase Project from Studio Workspace because WORKSPACE_SLUG environment variable is empty
[debug] [2026-02-23T21:19:22.446Z] Object "/functions" in "firebase.json" has unknown property: {"additionalProperty":"gen"}
[debug] [2026-02-23T21:19:22.446Z] Object "/functions" in "firebase.json" is missing required property: {"missingProperty":"remoteSource"}
[debug] [2026-02-23T21:19:22.446Z] Field "/functions" in "firebase.json" is possibly invalid: must be array
[debug] [2026-02-23T21:19:22.446Z] Field "/functions" in "firebase.json" is possibly invalid: must match a schema in anyOf
[error] Failed to fetch Firebase Project from Studio Workspace because WORKSPACE_SLUG environment variable is empty
[debug] [2026-02-23T21:19:22.447Z] > command requires scopes: ["email","openid","https://www.googleapis.com/auth/cloudplatformprojects.readonly","https://www.googleapis.com/auth/firebase","https://www.googleapis.com/auth/cloud-platform","https://www.googleapis.com/auth/userinfo.email"]
[debug] [2026-02-23T21:19:22.447Z] > authorizing via signed-in user (envirosagro.com@gmail.com)
[debug] [2026-02-23T21:19:22.447Z] Checked if tokens are valid: true, expires at: 1771883426888
[debug] [2026-02-23T21:19:22.447Z] Checked if tokens are valid: true, expires at: 1771883426888
[debug] [2026-02-23T21:19:22.447Z] >>> [apiv2][query] GET https://cloudbilling.googleapis.com/v1/projects/envirosagro2git-41536716-7747d/billingInfo [none]
[debug] [2026-02-23T21:19:22.618Z] <<< [apiv2][status] GET https://cloudbilling.googleapis.com/v1/projects/envirosagro2git-41536716-7747d/billingInfo 200
[debug] [2026-02-23T21:19:22.619Z] <<< [apiv2][body] GET https://cloudbilling.googleapis.com/v1/projects/envirosagro2git-41536716-7747d/billingInfo {"name":"projects/envirosagro2git-41536716-7747d/billingInfo","projectId":"envirosagro2git-41536716-7747d","billingAccountName":"billingAccounts/0199C7-684582-086A82","billingEnabled":true}
[debug] [2026-02-23T21:19:22.619Z] Object "/functions" in "firebase.json" has unknown property: {"additionalProperty":"gen"}
[debug] [2026-02-23T21:19:22.619Z] Object "/functions" in "firebase.json" is missing required property: {"missingProperty":"remoteSource"}
[debug] [2026-02-23T21:19:22.619Z] Field "/functions" in "firebase.json" is possibly invalid: must be array
[debug] [2026-02-23T21:19:22.619Z] Field "/functions" in "firebase.json" is possibly invalid: must match a schema in anyOf
[debug] [2026-02-23T21:19:22.620Z] Object "/functions" in "firebase.json" has unknown property: {"additionalProperty":"gen"}
[debug] [2026-02-23T21:19:22.620Z] Object "/functions" in "firebase.json" is missing required property: {"missingProperty":"remoteSource"}
[debug] [2026-02-23T21:19:22.620Z] Field "/functions" in "firebase.json" is possibly invalid: must be array
[debug] [2026-02-23T21:19:22.620Z] Field "/functions" in "firebase.json" is possibly invalid: must match a schema in anyOf
[error] Failed to fetch Firebase Project from Studio Workspace because WORKSPACE_SLUG environment variable is empty
[debug] [2026-02-23T21:19:22.621Z] > command requires scopes: ["email","openid","https://www.googleapis.com/auth/cloudplatformprojects.readonly","https://www.googleapis.com/auth/firebase","https://www.googleapis.com/auth/cloud-platform","https://www.googleapis.com/auth/userinfo.email"]
[debug] [2026-02-23T21:19:22.621Z] > authorizing via signed-in user (envirosagro.com@gmail.com)
[debug] [2026-02-23T21:19:22.634Z] Object "/functions" in "firebase.json" has unknown property: {"additionalProperty":"gen"}
[debug] [2026-02-23T21:19:22.638Z] Object "/functions" in "firebase.json" is missing required property: {"missingProperty":"remoteSource"}
[debug] [2026-02-23T21:19:22.638Z] Field "/functions" in "firebase.json" is possibly invalid: must be array
[debug] [2026-02-23T21:19:22.638Z] Field "/functions" in "firebase.json" is possibly invalid: must match a schema in anyOf
[error] Failed to fetch Firebase Project from Studio Workspace because WORKSPACE_SLUG environment variable is empty
[debug] [2026-02-23T21:19:22.642Z] Object "/functions" in "firebase.json" has unknown property: {"additionalProperty":"gen"}
[debug] [2026-02-23T21:19:22.642Z] Object "/functions" in "firebase.json" is missing required property: {"missingProperty":"remoteSource"}
[debug] [2026-02-23T21:19:22.642Z] Field "/functions" in "firebase.json" is possibly invalid: must be array
[debug] [2026-02-23T21:19:22.642Z] Field "/functions" in "firebase.json" is possibly invalid: must match a schema in anyOf
[error] Failed to fetch Firebase Project from Studio Workspace because WORKSPACE_SLUG environment variable is empty
[debug] [2026-02-23T21:19:22.650Z] Object "/functions" in "firebase.json" has unknown property: {"additionalProperty":"gen"}
[debug] [2026-02-23T21:19:22.650Z] Object "/functions" in "firebase.json" is missing required property: {"missingProperty":"remoteSource"}
[debug] [2026-02-23T21:19:22.652Z] Field "/functions" in "firebase.json" is possibly invalid: must be array
[debug] [2026-02-23T21:19:22.652Z] Field "/functions" in "firebase.json" is possibly invalid: must match a schema in anyOf
[error] Failed to fetch Firebase Project from Studio Workspace because WORKSPACE_SLUG environment variable is empty
[debug] [2026-02-23T21:19:22.653Z] Object "/functions" in "firebase.json" has unknown property: {"additionalProperty":"gen"}
[debug] [2026-02-23T21:19:22.653Z] Object "/functions" in "firebase.json" is missing required property: {"missingProperty":"remoteSource"}
[debug] [2026-02-23T21:19:22.653Z] Field "/functions" in "firebase.json" is possibly invalid: must be array
[debug] [2026-02-23T21:19:22.653Z] Field "/functions" in "firebase.json" is possibly invalid: must match a schema in anyOf
[error] Failed to fetch Firebase Project from Studio Workspace because WORKSPACE_SLUG environment variable is empty
[debug] [2026-02-23T21:19:22.653Z] > command requires scopes: ["email","openid","https://www.googleapis.com/auth/cloudplatformprojects.readonly","https://www.googleapis.com/auth/firebase","https://www.googleapis.com/auth/cloud-platform","https://www.googleapis.com/auth/userinfo.email"]
[debug] [2026-02-23T21:19:22.654Z] > authorizing via signed-in user (envirosagro.com@gmail.com)
[debug] [2026-02-23T21:19:22.657Z] Checked if tokens are valid: true, expires at: 1771883426888
[debug] [2026-02-23T21:19:22.657Z] Checked if tokens are valid: true, expires at: 1771883426888
[debug] [2026-02-23T21:19:22.657Z] >>> [apiv2][query] GET https://cloudbilling.googleapis.com/v1/projects/envirosagro2git-41536716-7747d/billingInfo [none]
[debug] [2026-02-23T21:19:22.711Z] Object "/functions" in "firebase.json" has unknown property: {"additionalProperty":"gen"}
[debug] [2026-02-23T21:19:22.711Z] Object "/functions" in "firebase.json" is missing required property: {"missingProperty":"remoteSource"}
[debug] [2026-02-23T21:19:22.711Z] Field "/functions" in "firebase.json" is possibly invalid: must be array
[debug] [2026-02-23T21:19:22.711Z] Field "/functions" in "firebase.json" is possibly invalid: must match a schema in anyOf
[error] Failed to fetch Firebase Project from Studio Workspace because WORKSPACE_SLUG environment variable is empty
[debug] [2026-02-23T21:19:22.712Z] Object "/functions" in "firebase.json" has unknown property: {"additionalProperty":"gen"}
[debug] [2026-02-23T21:19:22.712Z] Object "/functions" in "firebase.json" is missing required property: {"missingProperty":"remoteSource"}
[debug] [2026-02-23T21:19:22.712Z] Field "/functions" in "firebase.json" is possibly invalid: must be array
[debug] [2026-02-23T21:19:22.712Z] Field "/functions" in "firebase.json" is possibly invalid: must match a schema in anyOf
[error] Failed to fetch Firebase Project from Studio Workspace because WORKSPACE_SLUG environment variable is empty
[debug] [2026-02-23T21:19:22.713Z] > command requires scopes: ["email","openid","https://www.googleapis.com/auth/cloudplatformprojects.readonly","https://www.googleapis.com/auth/firebase","https://www.googleapis.com/auth/cloud-platform","https://www.googleapis.com/auth/userinfo.email"]
[debug] [2026-02-23T21:19:22.713Z] > authorizing via signed-in user (envirosagro.com@gmail.com)
[debug] [2026-02-23T21:19:22.713Z] Checked if tokens are valid: true, expires at: 1771883426888
[debug] [2026-02-23T21:19:22.713Z] Checked if tokens are valid: true, expires at: 1771883426888
[debug] [2026-02-23T21:19:22.713Z] >>> [apiv2][query] GET https://cloudbilling.googleapis.com/v1/projects/envirosagro2git-41536716-7747d/billingInfo [none]
[debug] [2026-02-23T21:19:22.814Z] <<< [apiv2][status] GET https://cloudbilling.googleapis.com/v1/projects/envirosagro2git-41536716-7747d/billingInfo 200
[debug] [2026-02-23T21:19:22.814Z] <<< [apiv2][body] GET https://cloudbilling.googleapis.com/v1/projects/envirosagro2git-41536716-7747d/billingInfo {"name":"projects/envirosagro2git-41536716-7747d/billingInfo","projectId":"envirosagro2git-41536716-7747d","billingAccountName":"billingAccounts/0199C7-684582-086A82","billingEnabled":true}
[debug] [2026-02-23T21:19:22.816Z] Object "/functions" in "firebase.json" has unknown property: {"additionalProperty":"gen"}
[debug] [2026-02-23T21:19:22.816Z] Object "/functions" in "firebase.json" is missing required property: {"missingProperty":"remoteSource"}
[debug] [2026-02-23T21:19:22.816Z] Field "/functions" in "firebase.json" is possibly invalid: must be array
[debug] [2026-02-23T21:19:22.816Z] Field "/functions" in "firebase.json" is possibly invalid: must match a schema in anyOf
[debug] [2026-02-23T21:19:22.818Z] Object "/functions" in "firebase.json" has unknown property: {"additionalProperty":"gen"}
[debug] [2026-02-23T21:19:22.818Z] Object "/functions" in "firebase.json" is missing required property: {"missingProperty":"remoteSource"}
[debug] [2026-02-23T21:19:22.818Z] Field "/functions" in "firebase.json" is possibly invalid: must be array
[debug] [2026-02-23T21:19:22.818Z] Field "/functions" in "firebase.json" is possibly invalid: must match a schema in anyOf
[error] Failed to fetch Firebase Project from Studio Workspace because WORKSPACE_SLUG environment variable is empty
[debug] [2026-02-23T21:19:22.819Z] > command requires scopes: ["email","openid","https://www.googleapis.com/auth/cloudplatformprojects.readonly","https://www.googleapis.com/auth/firebase","https://www.googleapis.com/auth/cloud-platform","https://www.googleapis.com/auth/userinfo.email"]
[debug] [2026-02-23T21:19:22.819Z] > authorizing via signed-in user (envirosagro.com@gmail.com)
[debug] [2026-02-23T21:19:22.956Z] <<< [apiv2][status] GET https://cloudbilling.googleapis.com/v1/projects/envirosagro2git-41536716-7747d/billingInfo 200
[debug] [2026-02-23T21:19:22.956Z] <<< [apiv2][body] GET https://cloudbilling.googleapis.com/v1/projects/envirosagro2git-41536716-7747d/billingInfo {"name":"projects/envirosagro2git-41536716-7747d/billingInfo","projectId":"envirosagro2git-41536716-7747d","billingAccountName":"billingAccounts/0199C7-684582-086A82","billingEnabled":true}
[debug] [2026-02-23T21:19:22.956Z] Object "/functions" in "firebase.json" has unknown property: {"additionalProperty":"gen"}
[debug] [2026-02-23T21:19:22.957Z] Object "/functions" in "firebase.json" is missing required property: {"missingProperty":"remoteSource"}
[debug] [2026-02-23T21:19:22.957Z] Field "/functions" in "firebase.json" is possibly invalid: must be array
[debug] [2026-02-23T21:19:22.957Z] Field "/functions" in "firebase.json" is possibly invalid: must match a schema in anyOf
[debug] [2026-02-23T21:19:22.958Z] Object "/functions" in "firebase.json" has unknown property: {"additionalProperty":"gen"}
[debug] [2026-02-23T21:19:22.958Z] Object "/functions" in "firebase.json" is missing required property: {"missingProperty":"remoteSource"}
[debug] [2026-02-23T21:19:22.958Z] Field "/functions" in "firebase.json" is possibly invalid: must be array
[debug] [2026-02-23T21:19:22.958Z] Field "/functions" in "firebase.json" is possibly invalid: must match a schema in anyOf
[error] Failed to fetch Firebase Project from Studio Workspace because WORKSPACE_SLUG environment variable is empty
[debug] [2026-02-23T21:19:22.959Z] > command requires scopes: ["email","openid","https://www.googleapis.com/auth/cloudplatformprojects.readonly","https://www.googleapis.com/auth/firebase","https://www.googleapis.com/auth/cloud-platform","https://www.googleapis.com/auth/userinfo.email"]
[debug] [2026-02-23T21:19:22.959Z] > authorizing via signed-in user (envirosagro.com@gmail.com)
[debug] [2026-02-23T21:19:25.084Z] Object "/functions" in "firebase.json" has unknown property: {"additionalProperty":"gen"}
[debug] [2026-02-23T21:19:25.085Z] Object "/functions" in "firebase.json" is missing required property: {"missingProperty":"remoteSource"}
[debug] [2026-02-23T21:19:25.085Z] Field "/functions" in "firebase.json" is possibly invalid: must be array
[debug] [2026-02-23T21:19:25.085Z] Field "/functions" in "firebase.json" is possibly invalid: must match a schema in anyOf
[error] Failed to fetch Firebase Project from Studio Workspace because WORKSPACE_SLUG environment variable is empty
[debug] [2026-02-23T21:19:25.088Z] Object "/functions" in "firebase.json" has unknown property: {"additionalProperty":"gen"}
[debug] [2026-02-23T21:19:25.088Z] Object "/functions" in "firebase.json" is missing required property: {"missingProperty":"remoteSource"}
[debug] [2026-02-23T21:19:25.088Z] Field "/functions" in "firebase.json" is possibly invalid: must be array
[debug] [2026-02-23T21:19:25.088Z] Field "/functions" in "firebase.json" is possibly invalid: must match a schema in anyOf
[error] Failed to fetch Firebase Project from Studio Workspace because WORKSPACE_SLUG environment variable is empty
[debug] [2026-02-23T21:19:25.091Z] Object "/functions" in "firebase.json" has unknown property: {"additionalProperty":"gen"}
[debug] [2026-02-23T21:19:25.094Z] Object "/functions" in "firebase.json" is missing required property: {"missingProperty":"remoteSource"}
[debug] [2026-02-23T21:19:25.094Z] Field "/functions" in "firebase.json" is possibly invalid: must be array
[debug] [2026-02-23T21:19:25.094Z] Field "/functions" in "firebase.json" is possibly invalid: must match a schema in anyOf
[error] Failed to fetch Firebase Project from Studio Workspace because WORKSPACE_SLUG environment variable is empty
[debug] [2026-02-23T21:19:25.095Z] Object "/functions" in "firebase.json" has unknown property: {"additionalProperty":"gen"}
[debug] [2026-02-23T21:19:25.095Z] Object "/functions" in "firebase.json" is missing required property: {"missingProperty":"remoteSource"}
[debug] [2026-02-23T21:19:25.095Z] Field "/functions" in "firebase.json" is possibly invalid: must be array
[debug] [2026-02-23T21:19:25.095Z] Field "/functions" in "firebase.json" is possibly invalid: must match a schema in anyOf
[error] Failed to fetch Firebase Project from Studio Workspace because WORKSPACE_SLUG environment variable is empty
[debug] [2026-02-23T21:19:25.096Z] > command requires scopes: ["email","openid","https://www.googleapis.com/auth/cloudplatformprojects.readonly","https://www.googleapis.com/auth/firebase","https://www.googleapis.com/auth/cloud-platform","https://www.googleapis.com/auth/userinfo.email"]
[debug] [2026-02-23T21:19:25.096Z] > authorizing via signed-in user (envirosagro.com@gmail.com)
[debug] [2026-02-23T21:19:25.096Z] Checked if tokens are valid: true, expires at: 1771883426888
[debug] [2026-02-23T21:19:25.096Z] Checked if tokens are valid: true, expires at: 1771883426888
[debug] [2026-02-23T21:19:25.096Z] >>> [apiv2][query] GET https://cloudbilling.googleapis.com/v1/projects/envirosagro2git-41536716-7747d/billingInfo [none]
[debug] [2026-02-23T21:19:25.098Z] Object "/functions" in "firebase.json" has unknown property: {"additionalProperty":"gen"}
[debug] [2026-02-23T21:19:25.098Z] Object "/functions" in "firebase.json" is missing required property: {"missingProperty":"remoteSource"}
[debug] [2026-02-23T21:19:25.098Z] Field "/functions" in "firebase.json" is possibly invalid: must be array
[debug] [2026-02-23T21:19:25.098Z] Field "/functions" in "firebase.json" is possibly invalid: must match a schema in anyOf
[error] Failed to fetch Firebase Project from Studio Workspace because WORKSPACE_SLUG environment variable is empty
[debug] [2026-02-23T21:19:25.098Z] Object "/functions" in "firebase.json" has unknown property: {"additionalProperty":"gen"}
[debug] [2026-02-23T21:19:25.098Z] Object "/functions" in "firebase.json" is missing required property: {"missingProperty":"remoteSource"}
[debug] [2026-02-23T21:19:25.099Z] Field "/functions" in "firebase.json" is possibly invalid: must be array
[debug] [2026-02-23T21:19:25.099Z] Field "/functions" in "firebase.json" is possibly invalid: must match a schema in anyOf
[error] Failed to fetch Firebase Project from Studio Workspace because WORKSPACE_SLUG environment variable is empty
[debug] [2026-02-23T21:19:25.099Z] > command requires scopes: ["email","openid","https://www.googleapis.com/auth/cloudplatformprojects.readonly","https://www.googleapis.com/auth/firebase","https://www.googleapis.com/auth/cloud-platform","https://www.googleapis.com/auth/userinfo.email"]
[debug] [2026-02-23T21:19:25.099Z] > authorizing via signed-in user (envirosagro.com@gmail.com)
[debug] [2026-02-23T21:19:25.100Z] Checked if tokens are valid: true, expires at: 1771883426888
[debug] [2026-02-23T21:19:25.100Z] Checked if tokens are valid: true, expires at: 1771883426888
[debug] [2026-02-23T21:19:25.100Z] >>> [apiv2][query] GET https://cloudbilling.googleapis.com/v1/projects/envirosagro2git-41536716-7747d/billingInfo [none]
[debug] [2026-02-23T21:19:25.241Z] <<< [apiv2][status] GET https://cloudbilling.googleapis.com/v1/projects/envirosagro2git-41536716-7747d/billingInfo 200
[debug] [2026-02-23T21:19:25.242Z] <<< [apiv2][body] GET https://cloudbilling.googleapis.com/v1/projects/envirosagro2git-41536716-7747d/billingInfo {"name":"projects/envirosagro2git-41536716-7747d/billingInfo","projectId":"envirosagro2git-41536716-7747d","billingAccountName":"billingAccounts/0199C7-684582-086A82","billingEnabled":true}
[debug] [2026-02-23T21:19:25.242Z] Object "/functions" in "firebase.json" has unknown property: {"additionalProperty":"gen"}
[debug] [2026-02-23T21:19:25.242Z] Object "/functions" in "firebase.json" is missing required property: {"missingProperty":"remoteSource"}
[debug] [2026-02-23T21:19:25.242Z] Field "/functions" in "firebase.json" is possibly invalid: must be array
[debug] [2026-02-23T21:19:25.243Z] Field "/functions" in "firebase.json" is possibly invalid: must match a schema in anyOf
[debug] [2026-02-23T21:19:25.243Z] Object "/functions" in "firebase.json" has unknown property: {"additionalProperty":"gen"}
[debug] [2026-02-23T21:19:25.243Z] Object "/functions" in "firebase.json" is missing required property: {"missingProperty":"remoteSource"}
[debug] [2026-02-23T21:19:25.243Z] Field "/functions" in "firebase.json" is possibly invalid: must be array
[debug] [2026-02-23T21:19:25.243Z] Field "/functions" in "firebase.json" is possibly invalid: must match a schema in anyOf
[error] Failed to fetch Firebase Project from Studio Workspace because WORKSPACE_SLUG environment variable is empty
[debug] [2026-02-23T21:19:25.244Z] > command requires scopes: ["email","openid","https://www.googleapis.com/auth/cloudplatformprojects.readonly","https://www.googleapis.com/auth/firebase","https://www.googleapis.com/auth/cloud-platform","https://www.googleapis.com/auth/userinfo.email"]
[debug] [2026-02-23T21:19:25.244Z] > authorizing via signed-in user (envirosagro.com@gmail.com)
[debug] [2026-02-23T21:19:25.336Z] <<< [apiv2][status] GET https://cloudbilling.googleapis.com/v1/projects/envirosagro2git-41536716-7747d/billingInfo 200
[debug] [2026-02-23T21:19:25.336Z] <<< [apiv2][body] GET https://cloudbilling.googleapis.com/v1/projects/envirosagro2git-41536716-7747d/billingInfo {"name":"projects/envirosagro2git-41536716-7747d/billingInfo","projectId":"envirosagro2git-41536716-7747d","billingAccountName":"billingAccounts/0199C7-684582-086A82","billingEnabled":true}
[debug] [2026-02-23T21:19:25.336Z] Object "/functions" in "firebase.json" has unknown property: {"additionalProperty":"gen"}
[debug] [2026-02-23T21:19:25.336Z] Object "/functions" in "firebase.json" is missing required property: {"missingProperty":"remoteSource"}
[debug] [2026-02-23T21:19:25.336Z] Field "/functions" in "firebase.json" is possibly invalid: must be array
[debug] [2026-02-23T21:19:25.336Z] Field "/functions" in "firebase.json" is possibly invalid: must match a schema in anyOf
[debug] [2026-02-23T21:19:25.337Z] Object "/functions" in "firebase.json" has unknown property: {"additionalProperty":"gen"}
[debug] [2026-02-23T21:19:25.337Z] Object "/functions" in "firebase.json" is missing required property: {"missingProperty":"remoteSource"}
[debug] [2026-02-23T21:19:25.337Z] Field "/functions" in "firebase.json" is possibly invalid: must be array
[debug] [2026-02-23T21:19:25.337Z] Field "/functions" in "firebase.json" is possibly invalid: must match a schema in anyOf
[error] Failed to fetch Firebase Project from Studio Workspace because WORKSPACE_SLUG environment variable is empty
[debug] [2026-02-23T21:19:25.338Z] > command requires scopes: ["email","openid","https://www.googleapis.com/auth/cloudplatformprojects.readonly","https://www.googleapis.com/auth/firebase","https://www.googleapis.com/auth/cloud-platform","https://www.googleapis.com/auth/userinfo.email"]
[debug] [2026-02-23T21:19:25.338Z] > authorizing via signed-in user (envirosagro.com@gmail.com)
